<?xml version="1.0" encoding="UTF-8"?>
<!-- Generated by org.testng.reporters.JUnitXMLReporter -->
<testsuite hostname="DESKTOP-0C6QHMM" ignored="0" name="Default test" tests="4" failures="0" timestamp="2022-03-14T12:11:09 IST" time="0.078" errors="0">
  <testcase name="TC2" time="0.0" classname="FirstPackage.TestNGExamplePractice"/>
  <testcase name="TC3" time="0.0" classname="FirstPackage.TestNGExamplePractice"/>
  <testcase name="TC4" time="0.0" classname="FirstPackage.TestNGExamplePractice"/>
  <testcase name="TC1" time="0.0" classname="FirstPackage.TestNGExamplePractice"/>
</testsuite> <!-- Default test -->
