<?xml version="1.0" encoding="UTF-8"?>
<!-- Generated by org.testng.reporters.JUnitXMLReporter -->
<testsuite hostname="DESKTOP-0C6QHMM" ignored="3" name="Test" tests="2" failures="0" timestamp="2022-03-14T11:27:26 IST" time="0.078" errors="0">
  <testcase name="TC1" time="0.016" classname="FirstPackage.TestNGExamplePractice"/>
  <testcase name="TC2" time="0.0" classname="FirstPackage.TestNGExamplePractice"/>
  <testcase name="f" time="0.0" classname="com.test.com.test.testingclasses.NewTest">
    <ignored/>
  </testcase> <!-- f -->
  <testcase name="TC3" time="0.0" classname="FirstPackage.TestNGExamplePractice">
    <ignored/>
  </testcase> <!-- TC3 -->
  <testcase name="TC1" time="0.0" classname="FirstPackage.Home_Page">
    <ignored/>
  </testcase> <!-- TC1 -->
</testsuite> <!-- Test -->
